Using pre-set license
Built from '2020.3/staging' branch; Version is '2020.3.10f1 (297d780c91bc) revision 2719096'; Using compiler version '192528614'; Build Type 'Release'
OS: 'Windows 10 Pro; OS build 19042.1415; Version 2009; 64bit' Language: 'es' Physical Memory: 16334 MB
BatchMode: 1, IsHumanControllingUs: 0, StartBugReporterOnCrash: 0, Is64bit: 1, IsPro: 0

 COMMAND LINE ARGUMENTS:
C:\Program Files\Unity\Hub\Editor\2020.3.10f1\Editor\Unity.exe
-adb2
-batchMode
-noUpm
-name
AssetImportWorker0
-projectPath
C:/Users/MR.J/vr_demo/vr_demos
-logFile
Logs/AssetImportWorker0.log
-srvPort
62787
Successfully changed project path to: C:/Users/MR.J/vr_demo/vr_demos
C:/Users/MR.J/vr_demo/vr_demos
Using Asset Import Pipeline V2.
Refreshing native plugins compatible for Editor in 61.02 ms, found 10 plugins.
Preloading 1 native plugins for Editor in 0.84 ms.
Initialize engine version: 2020.3.10f1 (297d780c91bc)
[Subsystems] Discovering subsystems at path C:/Program Files/Unity/Hub/Editor/2020.3.10f1/Editor/Data/Resources/UnitySubsystems
[Subsystems] Discovering subsystems at path C:/Users/MR.J/vr_demo/vr_demos/Assets
GfxDevice: creating device client; threaded=0
Direct3D:
    Version:  Direct3D 11.0 [level 11.1]
    Renderer: NVIDIA GeForce GTX 1060 6GB (ID=0x1c03)
    Vendor:   
    VRAM:     6052 MB
    Driver:   30.0.14.9709
Initialize mono
Mono path[0] = 'C:/Program Files/Unity/Hub/Editor/2020.3.10f1/Editor/Data/Managed'
Mono path[1] = 'C:/Program Files/Unity/Hub/Editor/2020.3.10f1/Editor/Data/MonoBleedingEdge/lib/mono/unityjit'
Mono config path = 'C:/Program Files/Unity/Hub/Editor/2020.3.10f1/Editor/Data/MonoBleedingEdge/etc'
Using monoOptions --debugger-agent=transport=dt_socket,embedding=1,server=y,suspend=n,address=127.0.0.1:56992
Begin MonoManager ReloadAssembly
Registering precompiled unity dll's ...
Register platform support module: C:/Program Files/Unity/Hub/Editor/2020.3.10f1/Editor/Data/PlaybackEngines/WebGLSupport/UnityEditor.WebGL.Extensions.dll
Register platform support module: C:/Program Files/Unity/Hub/Editor/2020.3.10f1/Editor/Data/PlaybackEngines/WindowsStandaloneSupport/UnityEditor.WindowsStandalone.Extensions.dll
Registered in 0.002927 seconds.
Native extension for WindowsStandalone target not found
Native extension for WebGL target not found
Refreshing native plugins compatible for Editor in 46.05 ms, found 10 plugins.
Preloading 1 native plugins for Editor in 0.10 ms.
Mono: successfully reloaded assembly
- Completed reload, in  2.282 seconds
Platform modules already initialized, skipping
Registering precompiled user dll's ...
Registered in 0.009917 seconds.
Begin MonoManager ReloadAssembly
Native extension for WindowsStandalone target not found
Native extension for WebGL target not found
Refreshing native plugins compatible for Editor in 45.61 ms, found 10 plugins.
Preloading 1 native plugins for Editor in 0.11 ms.
[XR] OculusXRPlugin: registering subsystems
[XR] Unable to register display lifecyle provider: [1]
[XR] Oculus Input lifecycle provider registered.
[XR] Unable to register input lifecyle provider: [1]
NullReferenceException: Object reference not set to an instance of an object
  at Unity.XR.Oculus.OculusLoader.AssetPathToAbsolutePath (System.String assetPath) [0x00048] in C:\Users\MR.J\vr_demo\vr_demos\Library\PackageCache\com.unity.xr.oculus@1.9.1\Runtime\OculusLoader.cs:249 
  at Unity.XR.Oculus.OculusLoader.EditorLoadOVRPlugin () [0x0007b] in C:\Users\MR.J\vr_demo\vr_demos\Library\PackageCache\com.unity.xr.oculus@1.9.1\Runtime\OculusLoader.cs:234 

(Filename: Library/PackageCache/com.unity.xr.oculus@1.9.1/Runtime/OculusLoader.cs Line: 249)

Mono: successfully reloaded assembly
- Completed reload, in  1.328 seconds
Platform modules already initialized, skipping
========================================================================
Worker process is ready to serve import requests
Launched and connected shader compiler UnityShaderCompiler.exe after 0.10 seconds
Refreshing native plugins compatible for Editor in 0.70 ms, found 10 plugins.
Preloading 1 native plugins for Editor in 0.09 ms.
Unloading 2212 Unused Serialized files (Serialized files now loaded: 0)
System memory in use before: 183.5 MB.
System memory in use after: 183.3 MB.

Unloading 39 unused Assets to reduce memory usage. Loaded Objects now: 2668.
Total: 2.625700 ms (FindLiveObjects: 0.313100 ms CreateObjectMapping: 0.052400 ms MarkObjects: 2.135200 ms  DeleteObjects: 0.123500 ms)

========================================================================
Received Import Request.
  path: Assets/VR Hands
  artifactKey: Guid(fc418d5ed5159f24b9212a11bb97db1d) Importer(815301076,1909f56bfc062723c751e8b465ee728b)
Start importing Assets/VR Hands using Guid(fc418d5ed5159f24b9212a11bb97db1d) Importer(815301076,1909f56bfc062723c751e8b465ee728b)  -> (artifact id: 'ca734c028986cb3aaf590737f216f5d4') in 0.010152 seconds
  Import took 0.013505 seconds .

========================================================================
Received Import Request.
  Time since last request: 0.000176 seconds.
  path: Assets/VR Hands/Prefabs/RightHand.prefab
  artifactKey: Guid(eb778dafc62c34d42ba231befaedfcdf) Importer(815301076,1909f56bfc062723c751e8b465ee728b)
Start importing Assets/VR Hands/Prefabs/RightHand.prefab using Guid(eb778dafc62c34d42ba231befaedfcdf) Importer(815301076,1909f56bfc062723c751e8b465ee728b)  -> (artifact id: '3b666f35121b60947744ad75dc704959') in 0.112593 seconds
  Import took 0.116079 seconds .

========================================================================
Received Import Request.
  Time since last request: 0.000203 seconds.
  path: Assets/VR Hands/Prefabs/LeftHand.prefab
  artifactKey: Guid(927232924abbe7749aba0b85a30aa1db) Importer(815301076,1909f56bfc062723c751e8b465ee728b)
Start importing Assets/VR Hands/Prefabs/LeftHand.prefab using Guid(927232924abbe7749aba0b85a30aa1db) Importer(815301076,1909f56bfc062723c751e8b465ee728b)  -> (artifact id: '61224db4a6e6e1b006daf55b110d6f1e') in 0.018704 seconds
  Import took 0.022316 seconds .

========================================================================
Received Import Request.
  Time since last request: 0.000224 seconds.
  path: Assets/VR Hands/Prefabs
  artifactKey: Guid(176a87d49f06d4340bf832ac8e2f5df5) Importer(815301076,1909f56bfc062723c751e8b465ee728b)
Start importing Assets/VR Hands/Prefabs using Guid(176a87d49f06d4340bf832ac8e2f5df5) Importer(815301076,1909f56bfc062723c751e8b465ee728b)  -> (artifact id: '998d3cc7bf049f85c0ed628cc96b282e') in 0.006799 seconds
  Import took 0.010321 seconds .

========================================================================
Received Import Request.
  Time since last request: 0.000183 seconds.
  path: Assets/VR Hands/Prefabs/LeftHand.prefab
  artifactKey: Guid(927232924abbe7749aba0b85a30aa1db) Importer(815301076,1909f56bfc062723c751e8b465ee728b)
Start importing Assets/VR Hands/Prefabs/LeftHand.prefab using Guid(927232924abbe7749aba0b85a30aa1db) Importer(815301076,1909f56bfc062723c751e8b465ee728b)  -> (artifact id: '61224db4a6e6e1b006daf55b110d6f1e') in 0.014952 seconds
  Import took 0.018294 seconds .

========================================================================
Received Import Request.
  Time since last request: 295.808269 seconds.
  path: Assets/Rocks and Boulders 2/Rocks/Prefabs/Rock1_grup1.prefab
  artifactKey: Guid(54a9cf01843431742a3126013891032d) Importer(815301076,1909f56bfc062723c751e8b465ee728b)
Start importing Assets/Rocks and Boulders 2/Rocks/Prefabs/Rock1_grup1.prefab using Guid(54a9cf01843431742a3126013891032d) Importer(815301076,1909f56bfc062723c751e8b465ee728b)  -> (artifact id: 'd20e675246a81f8e0f1ee500a87539e6') in 0.383580 seconds
  Import took 0.387582 seconds .

========================================================================
Received Import Request.
  Time since last request: 0.000193 seconds.
  path: Assets/Rocks and Boulders 2/Rocks/Prefabs/Rock5B.prefab
  artifactKey: Guid(977e7278d3486f1489724a6d226b9ca0) Importer(815301076,1909f56bfc062723c751e8b465ee728b)
Start importing Assets/Rocks and Boulders 2/Rocks/Prefabs/Rock5B.prefab using Guid(977e7278d3486f1489724a6d226b9ca0) Importer(815301076,1909f56bfc062723c751e8b465ee728b)  -> (artifact id: 'ec2876a4f8ecdb66417e251f36bcdedc') in 0.086111 seconds
  Import took 0.089831 seconds .

========================================================================
Received Import Request.
  Time since last request: 0.000192 seconds.
  path: Assets/Rocks and Boulders 2/Rocks/Prefabs/Rock6B.prefab
  artifactKey: Guid(fb5464049dae54247bf24c0e536cd6b4) Importer(815301076,1909f56bfc062723c751e8b465ee728b)
Start importing Assets/Rocks and Boulders 2/Rocks/Prefabs/Rock6B.prefab using Guid(fb5464049dae54247bf24c0e536cd6b4) Importer(815301076,1909f56bfc062723c751e8b465ee728b)  -> (artifact id: '8134153c5f44149a7d9abd91d6fde6b2') in 0.069933 seconds
  Import took 0.073831 seconds .

========================================================================
Received Import Request.
  Time since last request: 0.000194 seconds.
  path: Assets/Rocks and Boulders 2/Rocks/Prefabs/Rock6A.prefab
  artifactKey: Guid(ad1f5855a33f0694886cbd301d99cc40) Importer(815301076,1909f56bfc062723c751e8b465ee728b)
Start importing Assets/Rocks and Boulders 2/Rocks/Prefabs/Rock6A.prefab using Guid(ad1f5855a33f0694886cbd301d99cc40) Importer(815301076,1909f56bfc062723c751e8b465ee728b)  -> (artifact id: 'bed897981ed7ed1018578275e6c96152') in 0.029212 seconds
  Import took 0.032990 seconds .

========================================================================
Received Import Request.
  Time since last request: 0.000206 seconds.
  path: Assets/Rocks and Boulders 2/Rocks/Prefabs/Rock1A.prefab
  artifactKey: Guid(d209be13548e70947bc39053977ce977) Importer(815301076,1909f56bfc062723c751e8b465ee728b)
Start importing Assets/Rocks and Boulders 2/Rocks/Prefabs/Rock1A.prefab using Guid(d209be13548e70947bc39053977ce977) Importer(815301076,1909f56bfc062723c751e8b465ee728b)  -> (artifact id: '71a9ab0f5add3c93601be15fb529228c') in 0.027617 seconds
  Import took 0.031581 seconds .

========================================================================
Received Import Request.
  Time since last request: 0.000163 seconds.
  path: Assets/Rocks and Boulders 2/Rocks/Prefabs/Rock4A.prefab
  artifactKey: Guid(5f36b57d675b1444cb2203b7a6cac6cb) Importer(815301076,1909f56bfc062723c751e8b465ee728b)
Start importing Assets/Rocks and Boulders 2/Rocks/Prefabs/Rock4A.prefab using Guid(5f36b57d675b1444cb2203b7a6cac6cb) Importer(815301076,1909f56bfc062723c751e8b465ee728b)  -> (artifact id: '72ebd4e2b2a28a3a7f20ac49f803bc38') in 0.072576 seconds
  Import took 0.076268 seconds .

========================================================================
Received Import Request.
  Time since last request: 0.000194 seconds.
  path: Assets/Rocks and Boulders 2/Rocks/Prefabs/Rock1_grup3.prefab
  artifactKey: Guid(f20a15ee7150fd647af421022dde4d44) Importer(815301076,1909f56bfc062723c751e8b465ee728b)
Start importing Assets/Rocks and Boulders 2/Rocks/Prefabs/Rock1_grup3.prefab using Guid(f20a15ee7150fd647af421022dde4d44) Importer(815301076,1909f56bfc062723c751e8b465ee728b)  -> (artifact id: '7617f16e599a108f08898e7d42349ee4') in 0.022248 seconds
  Import took 0.026356 seconds .

========================================================================
Received Import Request.
  Time since last request: 0.000227 seconds.
  path: Assets/Rocks and Boulders 2/Rocks/Prefabs/Rock1D.prefab
  artifactKey: Guid(5d4cffe5f1249a046b3bc42bbd99dc47) Importer(815301076,1909f56bfc062723c751e8b465ee728b)
Start importing Assets/Rocks and Boulders 2/Rocks/Prefabs/Rock1D.prefab using Guid(5d4cffe5f1249a046b3bc42bbd99dc47) Importer(815301076,1909f56bfc062723c751e8b465ee728b)  -> (artifact id: 'dae7257c147a03bdf586fe5d88599eab') in 0.023355 seconds
  Import took 0.027279 seconds .

========================================================================
Received Import Request.
  Time since last request: 0.000160 seconds.
  path: Assets/Rocks and Boulders 2/Rocks/Prefabs/Rock1LOD_grup5.prefab
  artifactKey: Guid(0c076a1a077b8b04aaa5c16a2af6d4fe) Importer(815301076,1909f56bfc062723c751e8b465ee728b)
Start importing Assets/Rocks and Boulders 2/Rocks/Prefabs/Rock1LOD_grup5.prefab using Guid(0c076a1a077b8b04aaa5c16a2af6d4fe) Importer(815301076,1909f56bfc062723c751e8b465ee728b)  -> (artifact id: 'e7f86c6a09b227a13afc2e6ba4120e0f') in 0.029369 seconds
  Import took 0.032982 seconds .

========================================================================
Received Import Request.
  Time since last request: 0.000168 seconds.
  path: Assets/Rocks and Boulders 2/Rocks/Prefabs/Rock1_grup5.prefab
  artifactKey: Guid(f696a81957e80df439600b80ea8667ec) Importer(815301076,1909f56bfc062723c751e8b465ee728b)
Start importing Assets/Rocks and Boulders 2/Rocks/Prefabs/Rock1_grup5.prefab using Guid(f696a81957e80df439600b80ea8667ec) Importer(815301076,1909f56bfc062723c751e8b465ee728b)  -> (artifact id: 'f108bb2398b53a88ec233f86e82a2529') in 0.022417 seconds
  Import took 0.026164 seconds .

========================================================================
Received Import Request.
  Time since last request: 0.000201 seconds.
  path: Assets/Rocks and Boulders 2/Rocks/Prefabs/Rock5A.prefab
  artifactKey: Guid(27bfdb9a40efac94b969eaf77cea92d9) Importer(815301076,1909f56bfc062723c751e8b465ee728b)
Start importing Assets/Rocks and Boulders 2/Rocks/Prefabs/Rock5A.prefab using Guid(27bfdb9a40efac94b969eaf77cea92d9) Importer(815301076,1909f56bfc062723c751e8b465ee728b)  -> (artifact id: '60450b9e5013590bd55bdd973c8b3278') in 0.030074 seconds
  Import took 0.033836 seconds .

========================================================================
Received Import Request.
  Time since last request: 0.000158 seconds.
  path: Assets/Rocks and Boulders 2/Rocks/Prefabs/Rock1_grup2.prefab
  artifactKey: Guid(272f6ea372a7343499b5aa612014761f) Importer(815301076,1909f56bfc062723c751e8b465ee728b)
Start importing Assets/Rocks and Boulders 2/Rocks/Prefabs/Rock1_grup2.prefab using Guid(272f6ea372a7343499b5aa612014761f) Importer(815301076,1909f56bfc062723c751e8b465ee728b)  -> (artifact id: '89a24b4f5640e03842d6d7a31031c0d0') in 0.023425 seconds
  Import took 0.027131 seconds .

========================================================================
Received Import Request.
  Time since last request: 0.000154 seconds.
  path: Assets/Rocks and Boulders 2/Rocks/Prefabs/Rock1LOD_grup3.prefab
  artifactKey: Guid(059c81de61f2d4e4cbe522492d0181da) Importer(815301076,1909f56bfc062723c751e8b465ee728b)
Start importing Assets/Rocks and Boulders 2/Rocks/Prefabs/Rock1LOD_grup3.prefab using Guid(059c81de61f2d4e4cbe522492d0181da) Importer(815301076,1909f56bfc062723c751e8b465ee728b)  -> (artifact id: '661f3bfe829082bf58c3de497d5afa87') in 0.023344 seconds
  Import took 0.027013 seconds .

========================================================================
Received Import Request.
  Time since last request: 0.000156 seconds.
  path: Assets/Rocks and Boulders 2/Rocks/Prefabs/Rock1LOD_grup1.prefab
  artifactKey: Guid(76075d4f24491b84eb0b4ac914362e3f) Importer(815301076,1909f56bfc062723c751e8b465ee728b)
Start importing Assets/Rocks and Boulders 2/Rocks/Prefabs/Rock1LOD_grup1.prefab using Guid(76075d4f24491b84eb0b4ac914362e3f) Importer(815301076,1909f56bfc062723c751e8b465ee728b)  -> (artifact id: '05af07fcfacde66ab3ddbaa0b1f6dbd9') in 0.023140 seconds
  Import took 0.026773 seconds .

========================================================================
Received Import Request.
  Time since last request: 0.000207 seconds.
  path: Assets/Rocks and Boulders 2/Rocks/Prefabs/Rock4B.prefab
  artifactKey: Guid(55f94b3dfaaba26458dbf470efc8cfa4) Importer(815301076,1909f56bfc062723c751e8b465ee728b)
Start importing Assets/Rocks and Boulders 2/Rocks/Prefabs/Rock4B.prefab using Guid(55f94b3dfaaba26458dbf470efc8cfa4) Importer(815301076,1909f56bfc062723c751e8b465ee728b)  -> (artifact id: 'c51dc49c0cf8550d6f2d18a567dc664c') in 0.027832 seconds
  Import took 0.032589 seconds .

========================================================================
Received Import Request.
  Time since last request: 0.000296 seconds.
  path: Assets/Rocks and Boulders 2/Rocks/Prefabs/Rock1C.prefab
  artifactKey: Guid(1679506d96acb1447aa6870479416bf8) Importer(815301076,1909f56bfc062723c751e8b465ee728b)
Start importing Assets/Rocks and Boulders 2/Rocks/Prefabs/Rock1C.prefab using Guid(1679506d96acb1447aa6870479416bf8) Importer(815301076,1909f56bfc062723c751e8b465ee728b)  -> (artifact id: '9fa394319e2e3cf20d83f60fe011473f') in 0.023683 seconds
  Import took 0.027838 seconds .

========================================================================
Received Import Request.
  Time since last request: 0.000203 seconds.
  path: Assets/Rocks and Boulders 2/Rocks/Prefabs/Rock6C.prefab
  artifactKey: Guid(d9c3d22cdfbbcfd4f8d8019ff97a0f2e) Importer(815301076,1909f56bfc062723c751e8b465ee728b)
Start importing Assets/Rocks and Boulders 2/Rocks/Prefabs/Rock6C.prefab using Guid(d9c3d22cdfbbcfd4f8d8019ff97a0f2e) Importer(815301076,1909f56bfc062723c751e8b465ee728b)  -> (artifact id: 'df6a44316fa2156a21318ae1fbbf9917') in 0.034947 seconds
  Import took 0.038984 seconds .

========================================================================
Received Import Request.
  Time since last request: 0.000230 seconds.
  path: Assets/Rocks and Boulders 2/Rocks/Prefabs/Rock1LOD_grup4.prefab
  artifactKey: Guid(1ee76940f560f654fbbe86776c26942b) Importer(815301076,1909f56bfc062723c751e8b465ee728b)
Start importing Assets/Rocks and Boulders 2/Rocks/Prefabs/Rock1LOD_grup4.prefab using Guid(1ee76940f560f654fbbe86776c26942b) Importer(815301076,1909f56bfc062723c751e8b465ee728b)  -> (artifact id: '63de62ecaa7517301e3c480d9183f83d') in 0.024397 seconds
  Import took 0.028459 seconds .

========================================================================
Received Import Request.
  Time since last request: 0.000223 seconds.
  path: Assets/Rocks and Boulders 2/Rocks/Prefabs/Rock3.prefab
  artifactKey: Guid(f282d9fb9b399dd4384b20aba08642fb) Importer(815301076,1909f56bfc062723c751e8b465ee728b)
Start importing Assets/Rocks and Boulders 2/Rocks/Prefabs/Rock3.prefab using Guid(f282d9fb9b399dd4384b20aba08642fb) Importer(815301076,1909f56bfc062723c751e8b465ee728b)  -> (artifact id: '6fc6318dcb20b2d50c4987fc43b75de1') in 0.071656 seconds
  Import took 0.075347 seconds .

========================================================================
Received Import Request.
  Time since last request: 0.000162 seconds.
  path: Assets/Rocks and Boulders 2/Rocks/Prefabs/Rock1E.prefab
  artifactKey: Guid(d2db22038a6f9804598cd46453cc7cb8) Importer(815301076,1909f56bfc062723c751e8b465ee728b)
Start importing Assets/Rocks and Boulders 2/Rocks/Prefabs/Rock1E.prefab using Guid(d2db22038a6f9804598cd46453cc7cb8) Importer(815301076,1909f56bfc062723c751e8b465ee728b)  -> (artifact id: 'e93319746f66e342ec4f0d0feb1845f8') in 0.022064 seconds
  Import took 0.025780 seconds .

========================================================================
Received Import Request.
  Time since last request: 0.000231 seconds.
  path: Assets/Rocks and Boulders 2/Rocks/Prefabs/Rock1B.prefab
  artifactKey: Guid(0f1e1518a80e562458930d8b2d0670d9) Importer(815301076,1909f56bfc062723c751e8b465ee728b)
Start importing Assets/Rocks and Boulders 2/Rocks/Prefabs/Rock1B.prefab using Guid(0f1e1518a80e562458930d8b2d0670d9) Importer(815301076,1909f56bfc062723c751e8b465ee728b)  -> (artifact id: '0ab90e751a5b2257c66f33d8e3e207ec') in 0.022688 seconds
  Import took 0.026529 seconds .

========================================================================
Received Import Request.
  Time since last request: 0.000255 seconds.
  path: Assets/Rocks and Boulders 2/Rocks/Prefabs/Rock1LOD_grup2.prefab
  artifactKey: Guid(dceeca3e930a413458913fd2f889e527) Importer(815301076,1909f56bfc062723c751e8b465ee728b)
Start importing Assets/Rocks and Boulders 2/Rocks/Prefabs/Rock1LOD_grup2.prefab using Guid(dceeca3e930a413458913fd2f889e527) Importer(815301076,1909f56bfc062723c751e8b465ee728b)  -> (artifact id: '60b6585081cd652029f9cd666040d601') in 0.023710 seconds
  Import took 0.027569 seconds .

========================================================================
Received Import Request.
  Time since last request: 0.000162 seconds.
  path: Assets/Rocks and Boulders 2/Rocks/Prefabs/Rock1_grup4.prefab
  artifactKey: Guid(6b9fd6eae9eb0d546ae14cdaee6d1156) Importer(815301076,1909f56bfc062723c751e8b465ee728b)
Start importing Assets/Rocks and Boulders 2/Rocks/Prefabs/Rock1_grup4.prefab using Guid(6b9fd6eae9eb0d546ae14cdaee6d1156) Importer(815301076,1909f56bfc062723c751e8b465ee728b)  -> (artifact id: '323b167beaa7f2fb344fd3f586829f68') in 0.024893 seconds
  Import took 0.028716 seconds .

========================================================================
Received Import Request.
  Time since last request: 0.000170 seconds.
  path: Assets/Rocks and Boulders 2/Rocks/Prefabs/Rock2.prefab
  artifactKey: Guid(940d55d4117386f4f9398ea3ff52d4cd) Importer(815301076,1909f56bfc062723c751e8b465ee728b)
Start importing Assets/Rocks and Boulders 2/Rocks/Prefabs/Rock2.prefab using Guid(940d55d4117386f4f9398ea3ff52d4cd) Importer(815301076,1909f56bfc062723c751e8b465ee728b)  -> (artifact id: '9d7ed59457254d08e5e713badd337c4d') in 0.072007 seconds
  Import took 0.075825 seconds .

========================================================================
Received Import Request.
  Time since last request: 129.930411 seconds.
  path: Assets/Rocks and Boulders 2/Rocks/Source/Models/Rock1B.fbx
  artifactKey: Guid(976e89866374b704f8eff32373bca69c) Importer(815301076,1909f56bfc062723c751e8b465ee728b)
Start importing Assets/Rocks and Boulders 2/Rocks/Source/Models/Rock1B.fbx using Guid(976e89866374b704f8eff32373bca69c) Importer(815301076,1909f56bfc062723c751e8b465ee728b)  -> (artifact id: '15f3a8e5e171fac22d3355b733e654d9') in 0.034111 seconds
  Import took 0.037556 seconds .

========================================================================
Received Import Request.
  Time since last request: 0.005504 seconds.
  path: Assets/Rocks and Boulders 2/Rocks/Source/Models/Rock1B.fbx
  artifactKey: Guid(976e89866374b704f8eff32373bca69c) Importer(815301076,1909f56bfc062723c751e8b465ee728b)
Start importing Assets/Rocks and Boulders 2/Rocks/Source/Models/Rock1B.fbx using Guid(976e89866374b704f8eff32373bca69c) Importer(815301076,1909f56bfc062723c751e8b465ee728b)  -> (artifact id: '15f3a8e5e171fac22d3355b733e654d9') in 0.015239 seconds
  Import took 0.018939 seconds .

========================================================================
Received Import Request.
  Time since last request: 12.456023 seconds.
  path: Assets/Rocks and Boulders 2/Rocks/Prefabs/Rock1LOD_grup4.prefab
  artifactKey: Guid(1ee76940f560f654fbbe86776c26942b) Importer(815301076,1909f56bfc062723c751e8b465ee728b)
Start importing Assets/Rocks and Boulders 2/Rocks/Prefabs/Rock1LOD_grup4.prefab using Guid(1ee76940f560f654fbbe86776c26942b) Importer(815301076,1909f56bfc062723c751e8b465ee728b)  -> (artifact id: 'b55953cc13a89a9119a4998e5139a266') in 0.024942 seconds
  Import took 0.028805 seconds .

========================================================================
Received Import Request.
  Time since last request: 351.110803 seconds.
  path: Assets/Samples/XR Interaction Toolkit/2.0.0-pre.6/Default Input Actions/XRI Default Input Actions.inputactions
  artifactKey: Guid(c348712bda248c246b8c49b3db54643f) Importer(815301076,1909f56bfc062723c751e8b465ee728b)
Start importing Assets/Samples/XR Interaction Toolkit/2.0.0-pre.6/Default Input Actions/XRI Default Input Actions.inputactions using Guid(c348712bda248c246b8c49b3db54643f) Importer(815301076,1909f56bfc062723c751e8b465ee728b)  -> (artifact id: 'c0df4512460c2b37a0a5d9405e0bd0ea') in 0.025357 seconds
  Import took 0.028943 seconds .

========================================================================
Received Import Request.
  Time since last request: 29.059039 seconds.
  path: Assets/VR Hands/Animations
  artifactKey: Guid(e840c6d7927a8794895d56387046aea7) Importer(815301076,1909f56bfc062723c751e8b465ee728b)
Start importing Assets/VR Hands/Animations using Guid(e840c6d7927a8794895d56387046aea7) Importer(815301076,1909f56bfc062723c751e8b465ee728b)  -> (artifact id: 'f8d7a6a40f0b4d62a9c11e3ce707e001') in 0.006817 seconds
  Import took 0.009999 seconds .

========================================================================
Received Import Request.
  Time since last request: 2.486598 seconds.
  path: Assets/VR Hands/Animations/Controllers
  artifactKey: Guid(b75b12afb5fdeef49a9571b9ce50a0ed) Importer(815301076,1909f56bfc062723c751e8b465ee728b)
Start importing Assets/VR Hands/Animations/Controllers using Guid(b75b12afb5fdeef49a9571b9ce50a0ed) Importer(815301076,1909f56bfc062723c751e8b465ee728b)  -> (artifact id: 'c1c71c0b1c03ed6b3affb7b68dd0f3a1') in 0.007085 seconds
  Import took 0.010334 seconds .

========================================================================
Received Import Request.
  Time since last request: 3.367519 seconds.
  path: Assets/VR Hands/Animations/Controllers/RightHandController.controller
  artifactKey: Guid(8d2b1e83588c6284ca8ccdba276af60a) Importer(815301076,1909f56bfc062723c751e8b465ee728b)
Start importing Assets/VR Hands/Animations/Controllers/RightHandController.controller using Guid(8d2b1e83588c6284ca8ccdba276af60a) Importer(815301076,1909f56bfc062723c751e8b465ee728b)  -> (artifact id: '3ec2600c9df8ceef1ce8c1d797af2151') in 0.019309 seconds
  Import took 0.022778 seconds .

========================================================================
Received Import Request.
  Time since last request: 55.644627 seconds.
  path: Assets/VR Hands/Models/LeftHand.fbx
  artifactKey: Guid(39e4d137e4080334483d17fec8dd0086) Importer(815301076,1909f56bfc062723c751e8b465ee728b)
Start importing Assets/VR Hands/Models/LeftHand.fbx using Guid(39e4d137e4080334483d17fec8dd0086) Importer(815301076,1909f56bfc062723c751e8b465ee728b)  -> (artifact id: 'c3f984b39bc2198990971fce1c233345') in 0.022123 seconds
  Import took 0.025540 seconds .

========================================================================
Received Import Request.
  Time since last request: 0.000158 seconds.
  path: Assets/VR Hands/Models/RightHand.fbx
  artifactKey: Guid(2ed8684bd2bcb9f4093db7df04b66619) Importer(815301076,1909f56bfc062723c751e8b465ee728b)
Start importing Assets/VR Hands/Models/RightHand.fbx using Guid(2ed8684bd2bcb9f4093db7df04b66619) Importer(815301076,1909f56bfc062723c751e8b465ee728b)  -> (artifact id: '6e7370d9843156b0781fc4ac262fd2e5') in 0.020322 seconds
  Import took 0.024200 seconds .

========================================================================
Received Import Request.
  Time since last request: 28.252722 seconds.
  path: Assets/VR Hands/Textures/Hand_HandsDefault_AlbedoTransparency.png
  artifactKey: Guid(45d99164b33a1a54f9476a3877c19e42) Importer(815301076,1909f56bfc062723c751e8b465ee728b)
Start importing Assets/VR Hands/Textures/Hand_HandsDefault_AlbedoTransparency.png using Guid(45d99164b33a1a54f9476a3877c19e42) Importer(815301076,1909f56bfc062723c751e8b465ee728b)  -> (artifact id: '4a86e514813d41da0c8318a94b61305a') in 0.020965 seconds
  Import took 0.024242 seconds .

========================================================================
Received Import Request.
  Time since last request: 0.000290 seconds.
  path: Assets/VR Hands/Textures/Hand_HandsDefault_MetallicSmoothness.png
  artifactKey: Guid(fa66b97c8faa36548ae461f8d4633f96) Importer(815301076,1909f56bfc062723c751e8b465ee728b)
Start importing Assets/VR Hands/Textures/Hand_HandsDefault_MetallicSmoothness.png using Guid(fa66b97c8faa36548ae461f8d4633f96) Importer(815301076,1909f56bfc062723c751e8b465ee728b)  -> (artifact id: '0d114ca0986eba4f0ebfd2893bd4aad4') in 0.011173 seconds
  Import took 0.014417 seconds .

========================================================================
Received Import Request.
  Time since last request: 0.000200 seconds.
  path: Assets/VR Hands/Textures/Hand_HandsDefault_Normal.png
  artifactKey: Guid(f2e4bd8c70b1f25468ddf615a9e983ba) Importer(815301076,1909f56bfc062723c751e8b465ee728b)
Start importing Assets/VR Hands/Textures/Hand_HandsDefault_Normal.png using Guid(f2e4bd8c70b1f25468ddf615a9e983ba) Importer(815301076,1909f56bfc062723c751e8b465ee728b)  -> (artifact id: '05e16afc9c58705aee2845de13bc5736') in 0.016022 seconds
  Import took 0.019376 seconds .

========================================================================
Received Import Request.
  Time since last request: 0.000183 seconds.
  path: Assets/VR Hands/Textures/Hand_HandsDefault_AO.png
  artifactKey: Guid(d29e53d6762c53349ac202cdebe6cc9d) Importer(815301076,1909f56bfc062723c751e8b465ee728b)
Start importing Assets/VR Hands/Textures/Hand_HandsDefault_AO.png using Guid(d29e53d6762c53349ac202cdebe6cc9d) Importer(815301076,1909f56bfc062723c751e8b465ee728b)  -> (artifact id: 'c1d9273705044f289185f3bca6f4aa89') in 0.010859 seconds
  Import took 0.014034 seconds .

========================================================================
Received Import Request.
  Time since last request: 0.009648 seconds.
  path: Assets/VR Hands/Textures/Hand_HandsDefault_Normal.png
  artifactKey: Guid(f2e4bd8c70b1f25468ddf615a9e983ba) Importer(815301076,1909f56bfc062723c751e8b465ee728b)
Start importing Assets/VR Hands/Textures/Hand_HandsDefault_Normal.png using Guid(f2e4bd8c70b1f25468ddf615a9e983ba) Importer(815301076,1909f56bfc062723c751e8b465ee728b)  -> (artifact id: '05e16afc9c58705aee2845de13bc5736') in 0.013779 seconds
  Import took 0.017017 seconds .

========================================================================
Received Import Request.
  Time since last request: 18.065162 seconds.
  path: Assets/VR Hands/Materials/DefaultHands.mat
  artifactKey: Guid(9fa0146d148195b45844caebda30604c) Importer(815301076,1909f56bfc062723c751e8b465ee728b)
Start importing Assets/VR Hands/Materials/DefaultHands.mat using Guid(9fa0146d148195b45844caebda30604c) Importer(815301076,1909f56bfc062723c751e8b465ee728b)  -> (artifact id: 'fe859d0d3ae276d76d2381a856a18d54') in 0.024798 seconds
  Import took 0.028067 seconds .

========================================================================
Received Import Request.
  Time since last request: 31.682936 seconds.
  path: Assets/VR Hands/Materials
  artifactKey: Guid(439571b1b54225746960ad2b9769efe7) Importer(815301076,1909f56bfc062723c751e8b465ee728b)
Start importing Assets/VR Hands/Materials using Guid(439571b1b54225746960ad2b9769efe7) Importer(815301076,1909f56bfc062723c751e8b465ee728b)  -> (artifact id: 'a7e78a77da1c9698e8496157814ad896') in 0.006592 seconds
  Import took 0.009805 seconds .

========================================================================
Received Import Request.
  Time since last request: 7.296187 seconds.
  path: Assets/VR Hands/Materials/DefaultHands.mat
  artifactKey: Guid(9fa0146d148195b45844caebda30604c) Importer(815301076,1909f56bfc062723c751e8b465ee728b)
Start importing Assets/VR Hands/Materials/DefaultHands.mat using Guid(9fa0146d148195b45844caebda30604c) Importer(815301076,1909f56bfc062723c751e8b465ee728b)  -> (artifact id: '205889be2d0753c927a2baf4b4a13169') in 0.010883 seconds
  Import took 0.014311 seconds .

========================================================================
Received Import Request.
  Time since last request: 84.620018 seconds.
  path: Assets/Rocks and Boulders 2/Rocks/Source/Materials/Legacy/fix.mat
  artifactKey: Guid(8e9c01e643b6c2e47a47e055d68b5f1b) Importer(815301076,1909f56bfc062723c751e8b465ee728b)
Start importing Assets/Rocks and Boulders 2/Rocks/Source/Materials/Legacy/fix.mat using Guid(8e9c01e643b6c2e47a47e055d68b5f1b) Importer(815301076,1909f56bfc062723c751e8b465ee728b)  -> (artifact id: 'feb05e967e6e85ffecf02b0f28621c59') in 0.141190 seconds
  Import took 0.144525 seconds .

========================================================================
Received Import Request.
  Time since last request: 0.000202 seconds.
  path: Assets/ADG_Textures/ground_vol1/ground1/ground1.mat
  artifactKey: Guid(2ad85dfe2430c9944a67aabf28740c2d) Importer(815301076,1909f56bfc062723c751e8b465ee728b)
Start importing Assets/ADG_Textures/ground_vol1/ground1/ground1.mat using Guid(2ad85dfe2430c9944a67aabf28740c2d) Importer(815301076,1909f56bfc062723c751e8b465ee728b)  -> (artifact id: '90d7b12a5168f8aa89fd5749241038e8') in 0.050657 seconds
  Import took 0.053769 seconds .

========================================================================
Received Import Request.
  Time since last request: 0.000209 seconds.
  path: Assets/Rocks and Boulders 2/Rocks/Source/Materials/Legacy/fix.mat
  artifactKey: Guid(8e9c01e643b6c2e47a47e055d68b5f1b) Importer(815301076,1909f56bfc062723c751e8b465ee728b)
Start importing Assets/Rocks and Boulders 2/Rocks/Source/Materials/Legacy/fix.mat using Guid(8e9c01e643b6c2e47a47e055d68b5f1b) Importer(815301076,1909f56bfc062723c751e8b465ee728b)  -> (artifact id: 'feb05e967e6e85ffecf02b0f28621c59') in 0.008262 seconds
  Import took 0.011535 seconds .

========================================================================
Received Import Request.
  Time since last request: 0.000221 seconds.
  path: Assets/ADG_Textures/ground_vol1/ground1/ground1.mat
  artifactKey: Guid(2ad85dfe2430c9944a67aabf28740c2d) Importer(815301076,1909f56bfc062723c751e8b465ee728b)
Start importing Assets/ADG_Textures/ground_vol1/ground1/ground1.mat using Guid(2ad85dfe2430c9944a67aabf28740c2d) Importer(815301076,1909f56bfc062723c751e8b465ee728b)  -> (artifact id: '90d7b12a5168f8aa89fd5749241038e8') in 0.017480 seconds
  Import took 0.020935 seconds .

========================================================================
Received Import Request.
  Time since last request: 0.000159 seconds.
  path: Assets/ADG_Textures/ground_vol1/ground2/ground2.mat
  artifactKey: Guid(88d4b65b6d484a1459f780db4b3edd0d) Importer(815301076,1909f56bfc062723c751e8b465ee728b)
Start importing Assets/ADG_Textures/ground_vol1/ground2/ground2.mat using Guid(88d4b65b6d484a1459f780db4b3edd0d) Importer(815301076,1909f56bfc062723c751e8b465ee728b)  -> (artifact id: '20375f37a592826af27fd034f105b3bb') in 0.044873 seconds
  Import took 0.048332 seconds .

========================================================================
Received Import Request.
  Time since last request: 0.003964 seconds.
  path: Assets/ADG_Textures/ground_vol1/ground2/ground2.mat
  artifactKey: Guid(88d4b65b6d484a1459f780db4b3edd0d) Importer(815301076,1909f56bfc062723c751e8b465ee728b)
Start importing Assets/ADG_Textures/ground_vol1/ground2/ground2.mat using Guid(88d4b65b6d484a1459f780db4b3edd0d) Importer(815301076,1909f56bfc062723c751e8b465ee728b)  -> (artifact id: '20375f37a592826af27fd034f105b3bb') in 0.017587 seconds
  Import took 0.021135 seconds .

========================================================================
Received Import Request.
  Time since last request: 7.166829 seconds.
  path: Assets/VR Hands/Models/LeftHand.fbx
  artifactKey: Guid(39e4d137e4080334483d17fec8dd0086) Importer(815301076,1909f56bfc062723c751e8b465ee728b)
Start importing Assets/VR Hands/Models/LeftHand.fbx using Guid(39e4d137e4080334483d17fec8dd0086) Importer(815301076,1909f56bfc062723c751e8b465ee728b)  -> (artifact id: 'df739c7148a401262b9bf828c981b313') in 0.020618 seconds
  Import took 0.024048 seconds .

========================================================================
Received Import Request.
  Time since last request: 8.390332 seconds.
  path: Assets/VR Hands/Models/RightHand.fbx
  artifactKey: Guid(2ed8684bd2bcb9f4093db7df04b66619) Importer(815301076,1909f56bfc062723c751e8b465ee728b)
Start importing Assets/VR Hands/Models/RightHand.fbx using Guid(2ed8684bd2bcb9f4093db7df04b66619) Importer(815301076,1909f56bfc062723c751e8b465ee728b)  -> (artifact id: '91904b89481092dc5be82fc1634356cf') in 0.036758 seconds
  Import took 0.040060 seconds .

========================================================================
Received Import Request.
  Time since last request: 187.736054 seconds.
  path: Assets/VR Hands/Animations/LeftHandPinch.anim
  artifactKey: Guid(4d675b71e84b050459c947d10075cb14) Importer(815301076,1909f56bfc062723c751e8b465ee728b)
Start importing Assets/VR Hands/Animations/LeftHandPinch.anim using Guid(4d675b71e84b050459c947d10075cb14) Importer(815301076,1909f56bfc062723c751e8b465ee728b)  -> (artifact id: 'ef83709210cc63469b402e77a939ea16') in 0.009756 seconds
  Import took 0.013380 seconds .

========================================================================
Received Import Request.
  Time since last request: 2.038786 seconds.
  path: Assets/VR Hands/Animations/LeftHandGrip.anim
  artifactKey: Guid(7be3bf18ee6fc6341bcbddb41076561d) Importer(815301076,1909f56bfc062723c751e8b465ee728b)
Start importing Assets/VR Hands/Animations/LeftHandGrip.anim using Guid(7be3bf18ee6fc6341bcbddb41076561d) Importer(815301076,1909f56bfc062723c751e8b465ee728b)  -> (artifact id: '45a6c110f8e0b6a1e18dcb0f7d93dac2') in 0.008466 seconds
  Import took 0.011714 seconds .

========================================================================
Received Import Request.
  Time since last request: 1.019568 seconds.
  path: Assets/VR Hands/Animations/LeftHandIdle.anim
  artifactKey: Guid(2b9d364b6e0955f46aa4ed3c27d699e0) Importer(815301076,1909f56bfc062723c751e8b465ee728b)
Start importing Assets/VR Hands/Animations/LeftHandIdle.anim using Guid(2b9d364b6e0955f46aa4ed3c27d699e0) Importer(815301076,1909f56bfc062723c751e8b465ee728b)  -> (artifact id: '579c79931eccd324be8da3cd25b5863f') in 0.007405 seconds
  Import took 0.010560 seconds .

========================================================================
Received Import Request.
  Time since last request: 79.337540 seconds.
  path: Assets/VR Hands/Models/RightHand.fbx
  artifactKey: Guid(2ed8684bd2bcb9f4093db7df04b66619) Importer(815301076,1909f56bfc062723c751e8b465ee728b)
Start importing Assets/VR Hands/Models/RightHand.fbx using Guid(2ed8684bd2bcb9f4093db7df04b66619) Importer(815301076,1909f56bfc062723c751e8b465ee728b)  -> (artifact id: '39d4ed5d777890cfd5dcb638e8e40abd') in 0.037782 seconds
  Import took 0.041109 seconds .

========================================================================
Received Import Request.
  Time since last request: 43.876603 seconds.
  path: Assets/VR Hands/Animations/Controllers/LeftHandController.controller
  artifactKey: Guid(25d9d5b8b2931de4aa0d306f7c4b1b42) Importer(815301076,1909f56bfc062723c751e8b465ee728b)
Start importing Assets/VR Hands/Animations/Controllers/LeftHandController.controller using Guid(25d9d5b8b2931de4aa0d306f7c4b1b42) Importer(815301076,1909f56bfc062723c751e8b465ee728b)  -> (artifact id: 'b9419e870f4401fcf1f80eefcd1ee65b') in 0.010883 seconds
  Import took 0.014188 seconds .

========================================================================
Received Import Request.
  Time since last request: 33.528553 seconds.
  path: Assets/VR Hands/Models/LeftHand.fbx
  artifactKey: Guid(39e4d137e4080334483d17fec8dd0086) Importer(815301076,1909f56bfc062723c751e8b465ee728b)
Start importing Assets/VR Hands/Models/LeftHand.fbx using Guid(39e4d137e4080334483d17fec8dd0086) Importer(815301076,1909f56bfc062723c751e8b465ee728b)  -> (artifact id: 'f47e3e020f528e20de6d91bf01029081') in 0.022849 seconds
  Import took 0.026278 seconds .

========================================================================
Received Import Request.
  Time since last request: 77.311717 seconds.
  path: Assets/scripts/input
  artifactKey: Guid(1b782ea693fcea8439c08917e268acb4) Importer(815301076,1909f56bfc062723c751e8b465ee728b)
Start importing Assets/scripts/input using Guid(1b782ea693fcea8439c08917e268acb4) Importer(815301076,1909f56bfc062723c751e8b465ee728b)  -> (artifact id: '3457660d1d63ea853e132d902db91dbd') in 0.007201 seconds
  Import took 0.010824 seconds .

========================================================================
Received Import Request.
  Time since last request: 12.981251 seconds.
  path: Assets/scripts/input/HandAnimationControl.cs
  artifactKey: Guid(0502a5dcff48c4c4a92c5bae6f42aee7) Importer(815301076,1909f56bfc062723c751e8b465ee728b)
Start importing Assets/scripts/input/HandAnimationControl.cs using Guid(0502a5dcff48c4c4a92c5bae6f42aee7) Importer(815301076,1909f56bfc062723c751e8b465ee728b)  -> (artifact id: '7339fb1db596bb258e81e1164a7a731f') in 0.009021 seconds
  Import took 0.012778 seconds .

========================================================================
Received Prepare
Registering precompiled user dll's ...
Registered in 0.016236 seconds.
Begin MonoManager ReloadAssembly
Native extension for WindowsStandalone target not found
Native extension for WebGL target not found
Refreshing native plugins compatible for Editor in 1.35 ms, found 10 plugins.
Preloading 1 native plugins for Editor in 0.18 ms.
NullReferenceException: Object reference not set to an instance of an object
  at Unity.XR.Oculus.OculusLoader.AssetPathToAbsolutePath (System.String assetPath) [0x00048] in C:\Users\MR.J\vr_demo\vr_demos\Library\PackageCache\com.unity.xr.oculus@1.9.1\Runtime\OculusLoader.cs:249 
  at Unity.XR.Oculus.OculusLoader.EditorLoadOVRPlugin () [0x0007b] in C:\Users\MR.J\vr_demo\vr_demos\Library\PackageCache\com.unity.xr.oculus@1.9.1\Runtime\OculusLoader.cs:234 

(Filename: Library/PackageCache/com.unity.xr.oculus@1.9.1/Runtime/OculusLoader.cs Line: 249)

Mono: successfully reloaded assembly
- Completed reload, in  2.000 seconds
Platform modules already initialized, skipping
Refreshing native plugins compatible for Editor in 0.92 ms, found 10 plugins.
Preloading 1 native plugins for Editor in 0.11 ms.
Unloading 2187 Unused Serialized files (Serialized files now loaded: 0)
System memory in use before: 197.9 MB.
System memory in use after: 198.0 MB.

Unloading 33 unused Assets to reduce memory usage. Loaded Objects now: 2722.
Total: 3.477400 ms (FindLiveObjects: 0.319800 ms CreateObjectMapping: 0.091600 ms MarkObjects: 2.949700 ms  DeleteObjects: 0.115100 ms)

========================================================================
Received Import Request.
  Time since last request: 46.618294 seconds.
  path: Assets/VR Hands/Prefabs/LeftHand.prefab
  artifactKey: Guid(927232924abbe7749aba0b85a30aa1db) Importer(815301076,1909f56bfc062723c751e8b465ee728b)
Start importing Assets/VR Hands/Prefabs/LeftHand.prefab using Guid(927232924abbe7749aba0b85a30aa1db) Importer(815301076,1909f56bfc062723c751e8b465ee728b)  -> (artifact id: 'd6bc9e531acb3d9e0d49e4f6786a1c38') in 0.076400 seconds
  Import took 0.080160 seconds .

========================================================================
Received Import Request.
  Time since last request: 24.730901 seconds.
  path: Assets/VR Hands/Prefabs/RightHand.prefab
  artifactKey: Guid(eb778dafc62c34d42ba231befaedfcdf) Importer(815301076,1909f56bfc062723c751e8b465ee728b)
Start importing Assets/VR Hands/Prefabs/RightHand.prefab using Guid(eb778dafc62c34d42ba231befaedfcdf) Importer(815301076,1909f56bfc062723c751e8b465ee728b)  -> (artifact id: '470e99d06025b8c11293eff0e9b2abdb') in 0.024931 seconds
  Import took 0.028745 seconds .

========================================================================
Received Import Request.
  Time since last request: 58.309745 seconds.
  path: Assets/VR Hands/Prefabs/LeftHand.prefab
  artifactKey: Guid(927232924abbe7749aba0b85a30aa1db) Importer(815301076,1909f56bfc062723c751e8b465ee728b)
Start importing Assets/VR Hands/Prefabs/LeftHand.prefab using Guid(927232924abbe7749aba0b85a30aa1db) Importer(815301076,1909f56bfc062723c751e8b465ee728b)  -> (artifact id: 'bcf8d47903b5da9012da9881e45d87ad') in 0.016661 seconds
  Import took 0.020186 seconds .

========================================================================
Received Prepare
Registering precompiled user dll's ...
Registered in 0.010572 seconds.
Begin MonoManager ReloadAssembly
Native extension for WindowsStandalone target not found
Native extension for WebGL target not found
Refreshing native plugins compatible for Editor in 0.87 ms, found 10 plugins.
Preloading 1 native plugins for Editor in 0.13 ms.
NullReferenceException: Object reference not set to an instance of an object
  at Unity.XR.Oculus.OculusLoader.AssetPathToAbsolutePath (System.String assetPath) [0x00048] in C:\Users\MR.J\vr_demo\vr_demos\Library\PackageCache\com.unity.xr.oculus@1.9.1\Runtime\OculusLoader.cs:249 
  at Unity.XR.Oculus.OculusLoader.EditorLoadOVRPlugin () [0x0007b] in C:\Users\MR.J\vr_demo\vr_demos\Library\PackageCache\com.unity.xr.oculus@1.9.1\Runtime\OculusLoader.cs:234 

(Filename: Library/PackageCache/com.unity.xr.oculus@1.9.1/Runtime/OculusLoader.cs Line: 249)

Mono: successfully reloaded assembly
- Completed reload, in  1.185 seconds
Platform modules already initialized, skipping
Refreshing native plugins compatible for Editor in 0.72 ms, found 10 plugins.
Preloading 1 native plugins for Editor in 0.09 ms.
Unloading 2187 Unused Serialized files (Serialized files now loaded: 0)
System memory in use before: 198.0 MB.
System memory in use after: 198.1 MB.

Unloading 32 unused Assets to reduce memory usage. Loaded Objects now: 2727.
Total: 2.628600 ms (FindLiveObjects: 0.217100 ms CreateObjectMapping: 0.058500 ms MarkObjects: 2.255700 ms  DeleteObjects: 0.095800 ms)

========================================================================
Received Import Request.
  Time since last request: 393.026161 seconds.
  path: Assets/VR Hands/Prefabs/RightHand.prefab
  artifactKey: Guid(eb778dafc62c34d42ba231befaedfcdf) Importer(815301076,1909f56bfc062723c751e8b465ee728b)
Start importing Assets/VR Hands/Prefabs/RightHand.prefab using Guid(eb778dafc62c34d42ba231befaedfcdf) Importer(815301076,1909f56bfc062723c751e8b465ee728b)  -> (artifact id: '536b600a9aad126af7875613f0f86be1') in 0.075786 seconds
  Import took 0.079639 seconds .

========================================================================
Received Import Request.
  Time since last request: 0.000238 seconds.
  path: Assets/VR Hands/Prefabs/LeftHand.prefab
  artifactKey: Guid(927232924abbe7749aba0b85a30aa1db) Importer(815301076,1909f56bfc062723c751e8b465ee728b)
Start importing Assets/VR Hands/Prefabs/LeftHand.prefab using Guid(927232924abbe7749aba0b85a30aa1db) Importer(815301076,1909f56bfc062723c751e8b465ee728b)  -> (artifact id: 'c0c89832986b30f42dc6d6805e6ae2e6') in 0.018397 seconds
  Import took 0.022028 seconds .

========================================================================
Received Import Request.
  Time since last request: 9.743399 seconds.
  path: Assets/VR Hands/Prefabs/LeftHand.prefab
  artifactKey: Guid(927232924abbe7749aba0b85a30aa1db) Importer(815301076,1909f56bfc062723c751e8b465ee728b)
Start importing Assets/VR Hands/Prefabs/LeftHand.prefab using Guid(927232924abbe7749aba0b85a30aa1db) Importer(815301076,1909f56bfc062723c751e8b465ee728b)  -> (artifact id: 'd0864b8a51749b152ab88bfe7f1b914b') in 0.021608 seconds
  Import took 0.025430 seconds .

========================================================================
Received Import Request.
  Time since last request: 21.368369 seconds.
  path: Assets/VR Hands/Prefabs/LeftHand.prefab
  artifactKey: Guid(927232924abbe7749aba0b85a30aa1db) Importer(815301076,1909f56bfc062723c751e8b465ee728b)
Start importing Assets/VR Hands/Prefabs/LeftHand.prefab using Guid(927232924abbe7749aba0b85a30aa1db) Importer(815301076,1909f56bfc062723c751e8b465ee728b)  -> (artifact id: '5bb9bd94658de5a791c6e1d4e8c43f26') in 0.028244 seconds
  Import took 0.032455 seconds .

========================================================================
Received Import Request.
  Time since last request: 7.632640 seconds.
  path: Assets/VR Hands/Prefabs/LeftHand.prefab
  artifactKey: Guid(927232924abbe7749aba0b85a30aa1db) Importer(815301076,1909f56bfc062723c751e8b465ee728b)
Start importing Assets/VR Hands/Prefabs/LeftHand.prefab using Guid(927232924abbe7749aba0b85a30aa1db) Importer(815301076,1909f56bfc062723c751e8b465ee728b)  -> (artifact id: 'd472fb8af92be53143ed23e587648d9b') in 0.014804 seconds
  Import took 0.018927 seconds .

========================================================================
Received Import Request.
  Time since last request: 0.009025 seconds.
  path: Assets/VR Hands/Prefabs/LeftHand.prefab
  artifactKey: Guid(927232924abbe7749aba0b85a30aa1db) Importer(815301076,1909f56bfc062723c751e8b465ee728b)
Start importing Assets/VR Hands/Prefabs/LeftHand.prefab using Guid(927232924abbe7749aba0b85a30aa1db) Importer(815301076,1909f56bfc062723c751e8b465ee728b)  -> (artifact id: 'd472fb8af92be53143ed23e587648d9b') in 0.015444 seconds
  Import took 0.019160 seconds .

========================================================================
Received Import Request.
  Time since last request: 14.296814 seconds.
  path: Assets/VR Hands/Prefabs/RightHand.prefab
  artifactKey: Guid(eb778dafc62c34d42ba231befaedfcdf) Importer(815301076,1909f56bfc062723c751e8b465ee728b)
Start importing Assets/VR Hands/Prefabs/RightHand.prefab using Guid(eb778dafc62c34d42ba231befaedfcdf) Importer(815301076,1909f56bfc062723c751e8b465ee728b)  -> (artifact id: '2e1cc9f41a1642a6c2b53273d7fa3ea2') in 0.024368 seconds
  Import took 0.028216 seconds .

========================================================================
Received Import Request.
  Time since last request: 4.808065 seconds.
  path: Assets/VR Hands/Prefabs/RightHand.prefab
  artifactKey: Guid(eb778dafc62c34d42ba231befaedfcdf) Importer(815301076,1909f56bfc062723c751e8b465ee728b)
Start importing Assets/VR Hands/Prefabs/RightHand.prefab using Guid(eb778dafc62c34d42ba231befaedfcdf) Importer(815301076,1909f56bfc062723c751e8b465ee728b)  -> (artifact id: '92b5e8f862b5d528b88ec37a04cf5cc0') in 0.036150 seconds
  Import took 0.040043 seconds .

========================================================================
Received Import Request.
  Time since last request: 3.656411 seconds.
  path: Assets/VR Hands/Prefabs/RightHand.prefab
  artifactKey: Guid(eb778dafc62c34d42ba231befaedfcdf) Importer(815301076,1909f56bfc062723c751e8b465ee728b)
Start importing Assets/VR Hands/Prefabs/RightHand.prefab using Guid(eb778dafc62c34d42ba231befaedfcdf) Importer(815301076,1909f56bfc062723c751e8b465ee728b)  -> (artifact id: '65bdb5895a87921b720210bad885ac88') in 0.021451 seconds
  Import took 0.025270 seconds .

========================================================================
Received Import Request.
  Time since last request: 0.002392 seconds.
  path: Assets/VR Hands/Prefabs/RightHand.prefab
  artifactKey: Guid(eb778dafc62c34d42ba231befaedfcdf) Importer(815301076,1909f56bfc062723c751e8b465ee728b)
Start importing Assets/VR Hands/Prefabs/RightHand.prefab using Guid(eb778dafc62c34d42ba231befaedfcdf) Importer(815301076,1909f56bfc062723c751e8b465ee728b)  -> (artifact id: '65bdb5895a87921b720210bad885ac88') in 0.020303 seconds
  Import took 0.023953 seconds .

========================================================================
Received Prepare
Registering precompiled user dll's ...
Registered in 0.011077 seconds.
Begin MonoManager ReloadAssembly
Native extension for WindowsStandalone target not found
Native extension for WebGL target not found
Refreshing native plugins compatible for Editor in 0.75 ms, found 10 plugins.
Preloading 1 native plugins for Editor in 0.10 ms.
NullReferenceException: Object reference not set to an instance of an object
  at Unity.XR.Oculus.OculusLoader.AssetPathToAbsolutePath (System.String assetPath) [0x00048] in C:\Users\MR.J\vr_demo\vr_demos\Library\PackageCache\com.unity.xr.oculus@1.9.1\Runtime\OculusLoader.cs:249 
  at Unity.XR.Oculus.OculusLoader.EditorLoadOVRPlugin () [0x0007b] in C:\Users\MR.J\vr_demo\vr_demos\Library\PackageCache\com.unity.xr.oculus@1.9.1\Runtime\OculusLoader.cs:234 

(Filename: Library/PackageCache/com.unity.xr.oculus@1.9.1/Runtime/OculusLoader.cs Line: 249)

Mono: successfully reloaded assembly
- Completed reload, in  1.172 seconds
Platform modules already initialized, skipping
Refreshing native plugins compatible for Editor in 0.73 ms, found 10 plugins.
Preloading 1 native plugins for Editor in 0.09 ms.
Unloading 2187 Unused Serialized files (Serialized files now loaded: 0)
System memory in use before: 198.0 MB.
System memory in use after: 198.2 MB.

Unloading 32 unused Assets to reduce memory usage. Loaded Objects now: 2732.
Total: 2.435300 ms (FindLiveObjects: 0.228100 ms CreateObjectMapping: 0.055400 ms MarkObjects: 2.058100 ms  DeleteObjects: 0.092600 ms)

========================================================================
Received Prepare
Registering precompiled user dll's ...
Registered in 0.011239 seconds.
Begin MonoManager ReloadAssembly
Native extension for WindowsStandalone target not found
Native extension for WebGL target not found
Refreshing native plugins compatible for Editor in 0.75 ms, found 10 plugins.
Preloading 1 native plugins for Editor in 0.12 ms.
NullReferenceException: Object reference not set to an instance of an object
  at Unity.XR.Oculus.OculusLoader.AssetPathToAbsolutePath (System.String assetPath) [0x00048] in C:\Users\MR.J\vr_demo\vr_demos\Library\PackageCache\com.unity.xr.oculus@1.9.1\Runtime\OculusLoader.cs:249 
  at Unity.XR.Oculus.OculusLoader.EditorLoadOVRPlugin () [0x0007b] in C:\Users\MR.J\vr_demo\vr_demos\Library\PackageCache\com.unity.xr.oculus@1.9.1\Runtime\OculusLoader.cs:234 

(Filename: Library/PackageCache/com.unity.xr.oculus@1.9.1/Runtime/OculusLoader.cs Line: 249)

Mono: successfully reloaded assembly
- Completed reload, in  1.271 seconds
Platform modules already initialized, skipping
Refreshing native plugins compatible for Editor in 0.83 ms, found 10 plugins.
Preloading 1 native plugins for Editor in 0.14 ms.
Unloading 2187 Unused Serialized files (Serialized files now loaded: 0)
System memory in use before: 198.1 MB.
System memory in use after: 198.2 MB.

Unloading 32 unused Assets to reduce memory usage. Loaded Objects now: 2736.
Total: 2.800900 ms (FindLiveObjects: 0.266500 ms CreateObjectMapping: 0.066600 ms MarkObjects: 2.363000 ms  DeleteObjects: 0.103100 ms)

========================================================================
Received Prepare
Registering precompiled user dll's ...
Registered in 0.010520 seconds.
Begin MonoManager ReloadAssembly
Native extension for WindowsStandalone target not found
Native extension for WebGL target not found
Refreshing native plugins compatible for Editor in 0.77 ms, found 10 plugins.
Preloading 1 native plugins for Editor in 0.12 ms.
NullReferenceException: Object reference not set to an instance of an object
  at Unity.XR.Oculus.OculusLoader.AssetPathToAbsolutePath (System.String assetPath) [0x00048] in C:\Users\MR.J\vr_demo\vr_demos\Library\PackageCache\com.unity.xr.oculus@1.9.1\Runtime\OculusLoader.cs:249 
  at Unity.XR.Oculus.OculusLoader.EditorLoadOVRPlugin () [0x0007b] in C:\Users\MR.J\vr_demo\vr_demos\Library\PackageCache\com.unity.xr.oculus@1.9.1\Runtime\OculusLoader.cs:234 

(Filename: Library/PackageCache/com.unity.xr.oculus@1.9.1/Runtime/OculusLoader.cs Line: 249)

Mono: successfully reloaded assembly
- Completed reload, in  1.379 seconds
Platform modules already initialized, skipping
Refreshing native plugins compatible for Editor in 0.81 ms, found 10 plugins.
Preloading 1 native plugins for Editor in 0.13 ms.
Unloading 2187 Unused Serialized files (Serialized files now loaded: 0)
System memory in use before: 198.0 MB.
System memory in use after: 198.2 MB.

Unloading 32 unused Assets to reduce memory usage. Loaded Objects now: 2740.
Total: 3.652500 ms (FindLiveObjects: 0.242700 ms CreateObjectMapping: 0.056400 ms MarkObjects: 3.230900 ms  DeleteObjects: 0.120600 ms)

========================================================================
Received Import Request.
  Time since last request: 831.150686 seconds.
  path: Assets/VR Hands/Prefabs/RightHand.prefab
  artifactKey: Guid(eb778dafc62c34d42ba231befaedfcdf) Importer(815301076,1909f56bfc062723c751e8b465ee728b)
Start importing Assets/VR Hands/Prefabs/RightHand.prefab using Guid(eb778dafc62c34d42ba231befaedfcdf) Importer(815301076,1909f56bfc062723c751e8b465ee728b)  -> (artifact id: '7bd12871f9a5ea5e6da03fa55e46c9bf') in 0.088544 seconds
  Import took 0.093017 seconds .

========================================================================
Received Prepare
Registering precompiled user dll's ...
Registered in 0.010015 seconds.
Begin MonoManager ReloadAssembly
Native extension for WindowsStandalone target not found
Native extension for WebGL target not found
Refreshing native plugins compatible for Editor in 0.78 ms, found 10 plugins.
Preloading 1 native plugins for Editor in 0.13 ms.
NullReferenceException: Object reference not set to an instance of an object
  at Unity.XR.Oculus.OculusLoader.AssetPathToAbsolutePath (System.String assetPath) [0x00048] in C:\Users\MR.J\vr_demo\vr_demos\Library\PackageCache\com.unity.xr.oculus@1.9.1\Runtime\OculusLoader.cs:249 
  at Unity.XR.Oculus.OculusLoader.EditorLoadOVRPlugin () [0x0007b] in C:\Users\MR.J\vr_demo\vr_demos\Library\PackageCache\com.unity.xr.oculus@1.9.1\Runtime\OculusLoader.cs:234 

(Filename: Library/PackageCache/com.unity.xr.oculus@1.9.1/Runtime/OculusLoader.cs Line: 249)

Mono: successfully reloaded assembly
- Completed reload, in  1.254 seconds
Platform modules already initialized, skipping
Refreshing native plugins compatible for Editor in 0.78 ms, found 10 plugins.
Preloading 1 native plugins for Editor in 0.11 ms.
Unloading 2187 Unused Serialized files (Serialized files now loaded: 0)
System memory in use before: 198.1 MB.
System memory in use after: 198.3 MB.

Unloading 32 unused Assets to reduce memory usage. Loaded Objects now: 2745.
Total: 2.642800 ms (FindLiveObjects: 0.310100 ms CreateObjectMapping: 0.072400 ms MarkObjects: 2.162600 ms  DeleteObjects: 0.096300 ms)

========================================================================
Received Prepare
Registering precompiled user dll's ...
Registered in 0.010825 seconds.
Begin MonoManager ReloadAssembly
Native extension for WindowsStandalone target not found
Native extension for WebGL target not found
Refreshing native plugins compatible for Editor in 0.87 ms, found 10 plugins.
Preloading 1 native plugins for Editor in 0.14 ms.
NullReferenceException: Object reference not set to an instance of an object
  at Unity.XR.Oculus.OculusLoader.AssetPathToAbsolutePath (System.String assetPath) [0x00048] in C:\Users\MR.J\vr_demo\vr_demos\Library\PackageCache\com.unity.xr.oculus@1.9.1\Runtime\OculusLoader.cs:249 
  at Unity.XR.Oculus.OculusLoader.EditorLoadOVRPlugin () [0x0007b] in C:\Users\MR.J\vr_demo\vr_demos\Library\PackageCache\com.unity.xr.oculus@1.9.1\Runtime\OculusLoader.cs:234 

(Filename: Library/PackageCache/com.unity.xr.oculus@1.9.1/Runtime/OculusLoader.cs Line: 249)

Mono: successfully reloaded assembly
- Completed reload, in  1.371 seconds
Platform modules already initialized, skipping
Refreshing native plugins compatible for Editor in 0.77 ms, found 10 plugins.
Preloading 1 native plugins for Editor in 0.10 ms.
Unloading 2187 Unused Serialized files (Serialized files now loaded: 0)
System memory in use before: 198.1 MB.
System memory in use after: 198.3 MB.

Unloading 32 unused Assets to reduce memory usage. Loaded Objects now: 2749.
Total: 2.749400 ms (FindLiveObjects: 0.269700 ms CreateObjectMapping: 0.059300 ms MarkObjects: 2.316700 ms  DeleteObjects: 0.102400 ms)

========================================================================
Received Prepare
Registering precompiled user dll's ...
Registered in 0.012629 seconds.
Begin MonoManager ReloadAssembly
Native extension for WindowsStandalone target not found
Native extension for WebGL target not found
Refreshing native plugins compatible for Editor in 0.76 ms, found 10 plugins.
Preloading 1 native plugins for Editor in 0.12 ms.
NullReferenceException: Object reference not set to an instance of an object
  at Unity.XR.Oculus.OculusLoader.AssetPathToAbsolutePath (System.String assetPath) [0x00048] in C:\Users\MR.J\vr_demo\vr_demos\Library\PackageCache\com.unity.xr.oculus@1.9.1\Runtime\OculusLoader.cs:249 
  at Unity.XR.Oculus.OculusLoader.EditorLoadOVRPlugin () [0x0007b] in C:\Users\MR.J\vr_demo\vr_demos\Library\PackageCache\com.unity.xr.oculus@1.9.1\Runtime\OculusLoader.cs:234 

(Filename: Library/PackageCache/com.unity.xr.oculus@1.9.1/Runtime/OculusLoader.cs Line: 249)

Mono: successfully reloaded assembly
- Completed reload, in  1.230 seconds
Platform modules already initialized, skipping
Refreshing native plugins compatible for Editor in 0.73 ms, found 10 plugins.
Preloading 1 native plugins for Editor in 0.10 ms.
Unloading 2187 Unused Serialized files (Serialized files now loaded: 0)
System memory in use before: 198.1 MB.
System memory in use after: 198.3 MB.

Unloading 32 unused Assets to reduce memory usage. Loaded Objects now: 2753.
Total: 2.495800 ms (FindLiveObjects: 0.219100 ms CreateObjectMapping: 0.057100 ms MarkObjects: 2.108600 ms  DeleteObjects: 0.109600 ms)

========================================================================
Received Prepare
Registering precompiled user dll's ...
Registered in 0.012393 seconds.
Begin MonoManager ReloadAssembly
Native extension for WindowsStandalone target not found
Native extension for WebGL target not found
Refreshing native plugins compatible for Editor in 1.06 ms, found 10 plugins.
Preloading 1 native plugins for Editor in 0.16 ms.
NullReferenceException: Object reference not set to an instance of an object
  at Unity.XR.Oculus.OculusLoader.AssetPathToAbsolutePath (System.String assetPath) [0x00048] in C:\Users\MR.J\vr_demo\vr_demos\Library\PackageCache\com.unity.xr.oculus@1.9.1\Runtime\OculusLoader.cs:249 
  at Unity.XR.Oculus.OculusLoader.EditorLoadOVRPlugin () [0x0007b] in C:\Users\MR.J\vr_demo\vr_demos\Library\PackageCache\com.unity.xr.oculus@1.9.1\Runtime\OculusLoader.cs:234 

(Filename: Library/PackageCache/com.unity.xr.oculus@1.9.1/Runtime/OculusLoader.cs Line: 249)

Mono: successfully reloaded assembly
- Completed reload, in  1.962 seconds
Platform modules already initialized, skipping
Refreshing native plugins compatible for Editor in 1.02 ms, found 10 plugins.
Preloading 1 native plugins for Editor in 0.19 ms.
Unloading 2187 Unused Serialized files (Serialized files now loaded: 0)
System memory in use before: 198.2 MB.
System memory in use after: 198.4 MB.

Unloading 32 unused Assets to reduce memory usage. Loaded Objects now: 2757.
Total: 4.454100 ms (FindLiveObjects: 0.443200 ms CreateObjectMapping: 0.153400 ms MarkObjects: 3.716400 ms  DeleteObjects: 0.139800 ms)

========================================================================
Received Prepare
Registering precompiled user dll's ...
Registered in 0.010697 seconds.
Begin MonoManager ReloadAssembly
Native extension for WindowsStandalone target not found
Native extension for WebGL target not found
Refreshing native plugins compatible for Editor in 0.74 ms, found 10 plugins.
Preloading 1 native plugins for Editor in 0.10 ms.
NullReferenceException: Object reference not set to an instance of an object
  at Unity.XR.Oculus.OculusLoader.AssetPathToAbsolutePath (System.String assetPath) [0x00048] in C:\Users\MR.J\vr_demo\vr_demos\Library\PackageCache\com.unity.xr.oculus@1.9.1\Runtime\OculusLoader.cs:249 
  at Unity.XR.Oculus.OculusLoader.EditorLoadOVRPlugin () [0x0007b] in C:\Users\MR.J\vr_demo\vr_demos\Library\PackageCache\com.unity.xr.oculus@1.9.1\Runtime\OculusLoader.cs:234 

(Filename: Library/PackageCache/com.unity.xr.oculus@1.9.1/Runtime/OculusLoader.cs Line: 249)

Mono: successfully reloaded assembly
- Completed reload, in  1.157 seconds
Platform modules already initialized, skipping
Refreshing native plugins compatible for Editor in 0.73 ms, found 10 plugins.
Preloading 1 native plugins for Editor in 0.09 ms.
Unloading 2187 Unused Serialized files (Serialized files now loaded: 0)
System memory in use before: 198.1 MB.
System memory in use after: 198.3 MB.

Unloading 32 unused Assets to reduce memory usage. Loaded Objects now: 2761.
Total: 2.596600 ms (FindLiveObjects: 0.229800 ms CreateObjectMapping: 0.056900 ms MarkObjects: 2.206600 ms  DeleteObjects: 0.102300 ms)

========================================================================
Received Import Request.
  Time since last request: 1446.572711 seconds.
  path: Assets/XRI/Settings/Resources/InteractionLayerSettings.asset
  artifactKey: Guid(b4a14b380cb294646a35e97458ce3645) Importer(815301076,1909f56bfc062723c751e8b465ee728b)
Start importing Assets/XRI/Settings/Resources/InteractionLayerSettings.asset using Guid(b4a14b380cb294646a35e97458ce3645) Importer(815301076,1909f56bfc062723c751e8b465ee728b)  -> (artifact id: 'a44cfe0437a38ceba291f957b4eb19ac') in 0.034410 seconds
  Import took 0.038024 seconds .

========================================================================
Received Prepare
Registering precompiled user dll's ...
Registered in 0.011517 seconds.
Begin MonoManager ReloadAssembly
Native extension for WindowsStandalone target not found
Native extension for WebGL target not found
Refreshing native plugins compatible for Editor in 1.06 ms, found 10 plugins.
Preloading 1 native plugins for Editor in 0.14 ms.
NullReferenceException: Object reference not set to an instance of an object
  at Unity.XR.Oculus.OculusLoader.AssetPathToAbsolutePath (System.String assetPath) [0x00048] in C:\Users\MR.J\vr_demo\vr_demos\Library\PackageCache\com.unity.xr.oculus@1.9.1\Runtime\OculusLoader.cs:249 
  at Unity.XR.Oculus.OculusLoader.EditorLoadOVRPlugin () [0x0007b] in C:\Users\MR.J\vr_demo\vr_demos\Library\PackageCache\com.unity.xr.oculus@1.9.1\Runtime\OculusLoader.cs:234 

(Filename: Library/PackageCache/com.unity.xr.oculus@1.9.1/Runtime/OculusLoader.cs Line: 249)

Mono: successfully reloaded assembly
- Completed reload, in  1.425 seconds
Platform modules already initialized, skipping
Refreshing native plugins compatible for Editor in 0.77 ms, found 10 plugins.
Preloading 1 native plugins for Editor in 0.10 ms.
Unloading 2187 Unused Serialized files (Serialized files now loaded: 0)
System memory in use before: 198.2 MB.
System memory in use after: 198.4 MB.

Unloading 32 unused Assets to reduce memory usage. Loaded Objects now: 2765.
Total: 2.659700 ms (FindLiveObjects: 0.238700 ms CreateObjectMapping: 0.056600 ms MarkObjects: 2.259300 ms  DeleteObjects: 0.103500 ms)

========================================================================
Received Prepare
Registering precompiled user dll's ...
Registered in 0.010724 seconds.
Begin MonoManager ReloadAssembly
Native extension for WindowsStandalone target not found
Native extension for WebGL target not found
Refreshing native plugins compatible for Editor in 1.01 ms, found 10 plugins.
Preloading 1 native plugins for Editor in 0.13 ms.
NullReferenceException: Object reference not set to an instance of an object
  at Unity.XR.Oculus.OculusLoader.AssetPathToAbsolutePath (System.String assetPath) [0x00048] in C:\Users\MR.J\vr_demo\vr_demos\Library\PackageCache\com.unity.xr.oculus@1.9.1\Runtime\OculusLoader.cs:249 
  at Unity.XR.Oculus.OculusLoader.EditorLoadOVRPlugin () [0x0007b] in C:\Users\MR.J\vr_demo\vr_demos\Library\PackageCache\com.unity.xr.oculus@1.9.1\Runtime\OculusLoader.cs:234 

(Filename: Library/PackageCache/com.unity.xr.oculus@1.9.1/Runtime/OculusLoader.cs Line: 249)

Mono: successfully reloaded assembly
- Completed reload, in  1.266 seconds
Platform modules already initialized, skipping
Refreshing native plugins compatible for Editor in 0.74 ms, found 10 plugins.
Preloading 1 native plugins for Editor in 0.10 ms.
Unloading 2187 Unused Serialized files (Serialized files now loaded: 0)
System memory in use before: 198.3 MB.
System memory in use after: 198.4 MB.

Unloading 32 unused Assets to reduce memory usage. Loaded Objects now: 2769.
Total: 3.182000 ms (FindLiveObjects: 0.301800 ms CreateObjectMapping: 0.094400 ms MarkObjects: 2.681000 ms  DeleteObjects: 0.103300 ms)

========================================================================
Received Prepare
Registering precompiled user dll's ...
Registered in 0.012961 seconds.
Begin MonoManager ReloadAssembly
Native extension for WindowsStandalone target not found
Native extension for WebGL target not found
Refreshing native plugins compatible for Editor in 1.30 ms, found 10 plugins.
Preloading 1 native plugins for Editor in 0.17 ms.
NullReferenceException: Object reference not set to an instance of an object
  at Unity.XR.Oculus.OculusLoader.AssetPathToAbsolutePath (System.String assetPath) [0x00048] in C:\Users\MR.J\vr_demo\vr_demos\Library\PackageCache\com.unity.xr.oculus@1.9.1\Runtime\OculusLoader.cs:249 
  at Unity.XR.Oculus.OculusLoader.EditorLoadOVRPlugin () [0x0007b] in C:\Users\MR.J\vr_demo\vr_demos\Library\PackageCache\com.unity.xr.oculus@1.9.1\Runtime\OculusLoader.cs:234 

(Filename: Library/PackageCache/com.unity.xr.oculus@1.9.1/Runtime/OculusLoader.cs Line: 249)

Mono: successfully reloaded assembly
- Completed reload, in  2.082 seconds
Platform modules already initialized, skipping
Refreshing native plugins compatible for Editor in 1.25 ms, found 10 plugins.
Preloading 1 native plugins for Editor in 0.14 ms.
Unloading 2187 Unused Serialized files (Serialized files now loaded: 0)
System memory in use before: 198.3 MB.
System memory in use after: 198.4 MB.

Unloading 32 unused Assets to reduce memory usage. Loaded Objects now: 2773.
Total: 8.122600 ms (FindLiveObjects: 0.341700 ms CreateObjectMapping: 0.080000 ms MarkObjects: 7.440800 ms  DeleteObjects: 0.258400 ms)

========================================================================
Received Import Request.
  Time since last request: 1030.450063 seconds.
  path: Assets/XRI/Settings/Resources/InteractionLayerSettings.asset
  artifactKey: Guid(b4a14b380cb294646a35e97458ce3645) Importer(815301076,1909f56bfc062723c751e8b465ee728b)
Start importing Assets/XRI/Settings/Resources/InteractionLayerSettings.asset using Guid(b4a14b380cb294646a35e97458ce3645) Importer(815301076,1909f56bfc062723c751e8b465ee728b)  -> (artifact id: '1d8b6577ea401d2659fdcffa290077f8') in 0.028499 seconds
  Import took 0.033539 seconds .

AssetImportWorkerClient::OnTransportError - code=2 error=End of file
